0 info it worked if it ends with ok
1 verbose cli [ '/home/ubuntu/.nvm/versions/node/v4.4.0/bin/node',
1 verbose cli   '/home/ubuntu/.nvm/versions/node/v4.4.0/bin/npm',
1 verbose cli   'run',
1 verbose cli   'tsc' ]
2 info using npm@2.14.20
3 info using node@v4.4.0
4 verbose run-script [ 'pretsc', 'tsc', 'posttsc' ]
5 info pretsc primeng-quickstart@1.0.0-SNAPSHOT
6 info tsc primeng-quickstart@1.0.0-SNAPSHOT
7 verbose unsafe-perm in lifecycle true
8 info primeng-quickstart@1.0.0-SNAPSHOT Failed to exec tsc script
9 verbose stack Error: primeng-quickstart@1.0.0-SNAPSHOT tsc: `tsc`
9 verbose stack Exit status 2
9 verbose stack     at EventEmitter.<anonymous> (/home/ubuntu/.nvm/versions/node/v4.4.0/lib/node_modules/npm/lib/utils/lifecycle.js:214:16)
9 verbose stack     at emitTwo (events.js:87:13)
9 verbose stack     at EventEmitter.emit (events.js:172:7)
9 verbose stack     at ChildProcess.<anonymous> (/home/ubuntu/.nvm/versions/node/v4.4.0/lib/node_modules/npm/lib/utils/spawn.js:24:14)
9 verbose stack     at emitTwo (events.js:87:13)
9 verbose stack     at ChildProcess.emit (events.js:172:7)
9 verbose stack     at maybeClose (internal/child_process.js:827:16)
9 verbose stack     at Process.ChildProcess._handle.onexit (internal/child_process.js:211:5)
10 verbose pkgid primeng-quickstart@1.0.0-SNAPSHOT
11 verbose cwd /home/ubuntu/workspace/site/built/prime-ng
12 error Linux 4.2.0-c9
13 error argv "/home/ubuntu/.nvm/versions/node/v4.4.0/bin/node" "/home/ubuntu/.nvm/versions/node/v4.4.0/bin/npm" "run" "tsc"
14 error node v4.4.0
15 error npm  v2.14.20
16 error code ELIFECYCLE
17 error primeng-quickstart@1.0.0-SNAPSHOT tsc: `tsc`
17 error Exit status 2
18 error Failed at the primeng-quickstart@1.0.0-SNAPSHOT tsc script 'tsc'.
18 error This is most likely a problem with the primeng-quickstart package,
18 error not with npm itself.
18 error Tell the author that this fails on your system:
18 error     tsc
18 error You can get information on how to open an issue for this project with:
18 error     npm bugs primeng-quickstart
18 error Or if that isn't available, you can get their info via:
18 error
18 error     npm owner ls primeng-quickstart
18 error There is likely additional logging output above.
19 verbose exit [ 1, true ]
